{"timestamp": "2025-10-24T16:49:53.521050", "question": "Tôi bị tiểu đường và muốn tăng cơ, tôi nên ăn gì?", "num_recommendations_requested": 3}
{"timestamp": "2025-10-25T07:30:43.231074", "question": "Tôi bị tiểu đường và muốn tăng cơ, tôi nên ăn gì?", "num_recommendations_requested": 3}
{"timestamp": "2025-10-25T07:31:28.386749", "question": "Gợi ý giúp tôi menu ăn hàng ngày để giữ gìn sức khỏe?", "num_recommendations_requested": 3}
{"timestamp": "2025-10-25T08:02:43.479930", "question": "Tôi bị béo phì, sáng nên ăn gì để giảm cân?", "num_recommendations_requested": 3}
{"timestamp": "2025-10-25T08:17:36.760003", "question": "Tôi bị béo phì, sáng nên ăn gì để giảm cân?", "num_recommendations_requested": 3}
{"timestamp": "2025-10-25T08:50:44.307166", "question": "Gợi ý giúp tôi bữa ăn cho người tập gym", "num_recommendations_requested": 3}
{"timestamp": "2025-10-25T09:17:58.615173", "question": "Gợi ý giúp tôi bữa ăn cho người tăng cơ", "num_recommendations_requested": 3}
{"timestamp": "2025-10-25T09:18:37.591162", "question": "Gợi ý giúp tôi bữa sáng cho người tăng cơ", "num_recommendations_requested": 3}
{"timestamp": "2025-10-25T17:05:48.966184", "question": "Gợi ý giúp tôi bữa sáng cho người tăng cơ", "num_recommendations_requested": 3}
{"timestamp": "2025-10-25T17:06:01.092697", "question": "Gợi ý giúp tôi bữa anw cho người tăng cơ", "num_recommendations_requested": 3}
{"timestamp": "2025-10-25T17:24:35.793679", "question": "Gợi ý giúp tôi bữa anw cho người tăng cơ", "num_recommendations_requested": 3}
{"timestamp": "2025-10-25T17:31:28.557953", "question": "Tôi là người bình thường, muốn tăng cơ thì bữa trưa và bữa tối nên ăn gì, ưu tiên nhiều protein?", "num_recommendations_requested": 3}
{"timestamp": "2025-10-25T17:37:55.540632", "question": "Tôi là người bình thường, muốn tăng cơ thì bữa trưa và bữa tối nên ăn gì, ưu tiên nhiều protein?", "num_recommendations_requested": 3}
{"timestamp": "2025-10-25T17:42:57.409516", "question": "Tôi là người bình thường, muốn tăng cơ thì bữa trưa và bữa tối nên ăn gì, ưu tiên nhiều protein?", "num_recommendations_requested": 3}
{"timestamp": "2025-10-25T17:43:57.120634", "question": "Tôi là người bình thường, muốn tăng cơ thì bữa trưa và bữa tối nên ăn gì, ưu tiên nhiều protein?", "num_recommendations_requested": 3}
{"timestamp": "2025-10-25T17:47:27.891394", "question": "Tôi là người bình thường, muốn tăng cơ thì bữa trưa và bữa tối nên ăn gì, ưu tiên nhiều protein?"}
{"timestamp": "2025-10-25T17:51:51.276300", "question": "Tôi là người bình thường, muốn tăng cơ thì bữa trưa và bữa tối nên ăn gì, ưu tiên nhiều protein?"}
{"timestamp": "2025-10-26T02:47:30.542568", "question": "Tôi là người bình thường, muốn tăng cơ thì bữa trưa và bữa tối nên ăn gì, ưu tiên nhiều protein?"}
{"timestamp": "2025-10-26T02:51:50.796126", "question": "Tôi là người bình thường, muốn tăng cơ thì bữa trưa và bữa tối nên ăn gì, ưu tiên nhiều protein?"}
{"timestamp": "2025-10-26T02:52:31.104299", "question": "Tôi là người bình thường, muốn tăng cơ thì bữa trưa và bữa tối nên ăn gì, ưu tiên nhiều protein?"}
{"timestamp": "2025-10-26T02:54:36.661545", "question": "Tôi là người bình thường, muốn tăng cơ thì bữa trưa và bữa tối nên ăn gì, ưu tiên nhiều protein?"}
{"timestamp": "2025-10-26T03:11:17.583693", "question": "Tôi là người bình thường, muốn tăng cơ thì bữa trưa và bữa tối nên ăn gì, ưu tiên nhiều protein?"}
{"timestamp": "2025-10-26T03:11:37.500879", "question": "Tôi là người bình thường, muốn giảm cân thì bữa trưa và bữa tối nên ăn gì, ưu tiên nhiều protein?"}
{"timestamp": "2025-10-26T03:13:02.170178", "question": "Tôi là người bình thường, muốn giảm cân thì nên ăn gì, ưu tiên nhiều protein?"}
{"timestamp": "2025-10-26T03:24:20.947617", "question": "Tôi là người bình thường, muốn giảm cân thì nên ăn gì, ưu tiên nhiều protein?"}
{"timestamp": "2025-10-26T03:24:55.567052", "question": "Tôi là người bình thường, muốn giảm cân thì nên ăn gì, ưu tiên nhiều protein?"}
{"timestamp": "2025-10-26T03:25:45.391431", "question": "Chào bạn tôi muốn bạn giới thiệu giúp tôi bữa ăn sáng ngon bổ rẻ"}
